<?xml version="1.0" encoding="UTF-8"?>
<!-- Generated by org.testng.reporters.JUnitXMLReporter -->
<testsuite ignored="1" hostname="DESKTOP-73VT5SL" failures="0" tests="5" name="Default test" time="65.533" errors="0" timestamp="2023-02-08T18:17:56 IST">
  <testcase classname="tests.Tests" name="book_ap" time="16.482"/>
  <testcase classname="tests.Tests" name="back" time="5.324"/>
  <testcase classname="tests.Tests" name="logintest" time="11.364"/>
  <testcase classname="tests.Tests" name="logintest" time="11.864"/>
  <testcase classname="tests.Tests" name="logintest" time="11.979"/>
  <testcase classname="tests.Tests" name="createnewuser" time="0.0">
    <ignored/>
  </testcase> <!-- createnewuser -->
</testsuite> <!-- Default test -->
