<?xml version="1.0" encoding="UTF-8"?>
<!-- Generated by org.testng.reporters.JUnitXMLReporter -->
<testsuite ignored="1" hostname="DESKTOP-73VT5SL" failures="0" tests="5" name="Test" time="78.636" errors="0" timestamp="2023-02-09T10:46:05 IST">
  <testcase classname="tests.Tests" name="book_ap" time="30.913"/>
  <testcase classname="tests.Tests" name="back" time="5.21"/>
  <testcase classname="tests.Tests" name="logintest" time="11.194"/>
  <testcase classname="tests.Tests" name="logintest" time="11.327"/>
  <testcase classname="tests.Tests" name="logintest" time="11.564"/>
  <testcase classname="tests.Tests" name="createnewuser" time="0.0">
    <ignored/>
  </testcase> <!-- createnewuser -->
</testsuite> <!-- Test -->
