<?xml version="1.0" encoding="UTF-8"?>
<testng-results ignored="1" total="6" passed="5" failed="0" skipped="0">
  <reporter-output>
  </reporter-output>
  <suite started-at="2023-02-09T10:44:47 IST" name="Suite" finished-at="2023-02-09T10:46:05 IST" duration-ms="78636">
    <groups>
    </groups>
    <test started-at="2023-02-09T10:44:47 IST" name="Test" finished-at="2023-02-09T10:46:05 IST" duration-ms="78636">
      <class name="tests.Tests">
        <test-method is-config="true" signature="setup()[pri:0, instance:tests.Tests@45385f75]" started-at="2023-02-09T10:44:47 IST" name="setup" finished-at="2023-02-09T10:44:55 IST" duration-ms="7865" status="PASS">
          <reporter-output>
          </reporter-output>
        </test-method> <!-- setup -->
        <test-method signature="book_ap()[pri:1, instance:tests.Tests@45385f75]" started-at="2023-02-09T10:44:55 IST" name="book_ap" finished-at="2023-02-09T10:45:26 IST" duration-ms="30913" status="PASS">
          <reporter-output>
          </reporter-output>
        </test-method> <!-- book_ap -->
        <test-method signature="back()[pri:2, instance:tests.Tests@45385f75]" started-at="2023-02-09T10:45:26 IST" name="back" finished-at="2023-02-09T10:45:31 IST" duration-ms="5210" status="PASS">
          <reporter-output>
          </reporter-output>
        </test-method> <!-- back -->
        <test-method signature="logintest(java.lang.String,java.lang.String)[pri:4, instance:tests.Tests@45385f75]" started-at="2023-02-09T10:45:31 IST" name="logintest" data-provider="excelTest" finished-at="2023-02-09T10:45:42 IST" duration-ms="11194" status="PASS">
          <params>
            <param index="0">
              <value>
                <![CDATA[user1@gmail.com]]>
              </value>
            </param>
            <param index="1">
              <value>
                <![CDATA[password]]>
              </value>
            </param>
          </params>
          <reporter-output>
          </reporter-output>
        </test-method> <!-- logintest -->
        <test-method signature="logintest(java.lang.String,java.lang.String)[pri:4, instance:tests.Tests@45385f75]" started-at="2023-02-09T10:45:42 IST" name="logintest" data-provider="excelTest" finished-at="2023-02-09T10:45:54 IST" duration-ms="11327" status="PASS">
          <params>
            <param index="0">
              <value>
                <![CDATA[user2@gmail.com]]>
              </value>
            </param>
            <param index="1">
              <value>
                <![CDATA[password]]>
              </value>
            </param>
          </params>
          <reporter-output>
          </reporter-output>
        </test-method> <!-- logintest -->
        <test-method signature="logintest(java.lang.String,java.lang.String)[pri:4, instance:tests.Tests@45385f75]" started-at="2023-02-09T10:45:54 IST" name="logintest" data-provider="excelTest" finished-at="2023-02-09T10:46:05 IST" duration-ms="11564" status="PASS">
          <params>
            <param index="0">
              <value>
                <![CDATA[user3@gmail.com]]>
              </value>
            </param>
            <param index="1">
              <value>
                <![CDATA[password]]>
              </value>
            </param>
          </params>
          <reporter-output>
          </reporter-output>
        </test-method> <!-- logintest -->
        <test-method is-config="true" signature="teardown()[pri:0, instance:tests.Tests@45385f75]" started-at="2023-02-09T10:46:05 IST" name="teardown" finished-at="2023-02-09T10:46:05 IST" duration-ms="153" status="PASS">
          <reporter-output>
          </reporter-output>
        </test-method> <!-- teardown -->
      </class> <!-- tests.Tests -->
    </test> <!-- Test -->
  </suite> <!-- Suite -->
</testng-results>
